[debug] [2022-03-10T20:22:41.548Z] ----------------------------------------------------------------------
[debug] [2022-03-10T20:22:41.550Z] Command:       C:\Program Files\nodejs\node.exe C:\Users\gleas\AppData\Roaming\npm\node_modules\firebase-tools\lib\bin\firebase.js emulators:start --import=./saved-data --export-on-exit
[debug] [2022-03-10T20:22:41.550Z] CLI Version:   10.0.1
[debug] [2022-03-10T20:22:41.550Z] Platform:      win32
[debug] [2022-03-10T20:22:41.551Z] Node Version:  v16.13.1
[debug] [2022-03-10T20:22:41.552Z] Time:          Thu Mar 10 2022 14:22:41 GMT-0600 (Central Standard Time)
[debug] [2022-03-10T20:22:41.552Z] ----------------------------------------------------------------------
[debug] 
[debug] [2022-03-10T20:22:41.633Z] > command requires scopes: ["email","openid","https://www.googleapis.com/auth/cloudplatformprojects.readonly","https://www.googleapis.com/auth/firebase","https://www.googleapis.com/auth/cloud-platform"]
[debug] [2022-03-10T20:22:41.633Z] > authorizing via signed-in user (gleasonpbr@gmail.com)
[info] i  emulators: Starting emulators: auth, firestore, hosting {"metadata":{"emulator":{"name":"hub"},"message":"Starting emulators: auth, firestore, hosting"}}
[debug] [2022-03-10T20:22:41.675Z] [hub] writing locator at C:\Users\gleas\AppData\Local\Temp\hub-crown-dd66d.json
[info] i  firestore: Importing data from C:\Users\gleas\Projects\cs_394\CROWNS\saved-data\firestore_export\firestore_export.overall_export_metadata {"metadata":{"emulator":{"name":"firestore"},"message":"Importing data from C:\\Users\\gleas\\Projects\\cs_394\\CROWNS\\saved-data\\firestore_export\\firestore_export.overall_export_metadata"}}
[warn] !  firestore: Did not find a Cloud Firestore rules file specified in a firebase.json config file. {"metadata":{"emulator":{"name":"firestore"},"message":"Did not find a Cloud Firestore rules file specified in a firebase.json config file."}}
[warn] !  firestore: The emulator will default to allowing all reads and writes. Learn more about this option: https://firebase.google.com/docs/emulator-suite/install_and_configure#security_rules_configuration. {"metadata":{"emulator":{"name":"firestore"},"message":"The emulator will default to allowing all reads and writes. Learn more about this option: https://firebase.google.com/docs/emulator-suite/install_and_configure#security_rules_configuration."}}
[debug] [2022-03-10T20:22:41.724Z] Ignoring unsupported arg: projectId {"metadata":{"emulator":{"name":"firestore"},"message":"Ignoring unsupported arg: projectId"}}
[debug] [2022-03-10T20:22:41.724Z] Ignoring unsupported arg: auto_download {"metadata":{"emulator":{"name":"firestore"},"message":"Ignoring unsupported arg: auto_download"}}
[debug] [2022-03-10T20:22:41.724Z] Starting Firestore Emulator with command {"binary":"java","args":["-Dgoogle.cloud_firestore.debug_log_level=FINE","-Duser.language=en","-jar","C:\\Users\\gleas\\.cache\\firebase\\emulators\\cloud-firestore-emulator-v1.13.1.jar","--host","localhost","--port",8080,"--seed_from_export","C:\\Users\\gleas\\Projects\\cs_394\\CROWNS\\saved-data\\firestore_export\\firestore_export.overall_export_metadata"],"optionalArgs":["port","webchannel_port","host","rules","functions_emulator","seed_from_export"],"joinArgs":false} {"metadata":{"emulator":{"name":"firestore"},"message":"Starting Firestore Emulator with command {\"binary\":\"java\",\"args\":[\"-Dgoogle.cloud_firestore.debug_log_level=FINE\",\"-Duser.language=en\",\"-jar\",\"C:\\\\Users\\\\gleas\\\\.cache\\\\firebase\\\\emulators\\\\cloud-firestore-emulator-v1.13.1.jar\",\"--host\",\"localhost\",\"--port\",8080,\"--seed_from_export\",\"C:\\\\Users\\\\gleas\\\\Projects\\\\cs_394\\\\CROWNS\\\\saved-data\\\\firestore_export\\\\firestore_export.overall_export_metadata\"],\"optionalArgs\":[\"port\",\"webchannel_port\",\"host\",\"rules\",\"functions_emulator\",\"seed_from_export\"],\"joinArgs\":false}"}}
[info] i  firestore: Firestore Emulator logging to firestore-debug.log {"metadata":{"emulator":{"name":"firestore"},"message":"Firestore Emulator logging to \u001b[1mfirestore-debug.log\u001b[22m"}}
[info] i  auth: Importing config from C:\Users\gleas\Projects\cs_394\CROWNS\saved-data\auth_export\config.json {"metadata":{"emulator":{"name":"database"},"message":"Importing config from C:\\Users\\gleas\\Projects\\cs_394\\CROWNS\\saved-data\\auth_export\\config.json"}}
[info] i  auth: Importing accounts from C:\Users\gleas\Projects\cs_394\CROWNS\saved-data\auth_export\accounts.json {"metadata":{"emulator":{"name":"database"},"message":"Importing accounts from C:\\Users\\gleas\\Projects\\cs_394\\CROWNS\\saved-data\\auth_export\\accounts.json"}}
[debug] [2022-03-10T20:22:46.494Z] >>> [apiv2][query] GET https://firebasehosting.googleapis.com/v1beta1/projects/crown-dd66d/sites 
[debug] [2022-03-10T20:22:46.712Z] <<< [apiv2][status] GET https://firebasehosting.googleapis.com/v1beta1/projects/crown-dd66d/sites 200
[debug] [2022-03-10T20:22:46.712Z] <<< [apiv2][body] GET https://firebasehosting.googleapis.com/v1beta1/projects/crown-dd66d/sites {"sites":[{"name":"projects/640118822953/sites/crown-dd66d","defaultUrl":"https://crown-dd66d.web.app","type":"DEFAULT_SITE"},{"name":"projects/640118822953/sites/crowns-develop","defaultUrl":"https://crowns-develop.web.app","type":"USER_SITE"}]}
[debug] [2022-03-10T20:22:46.712Z] >>> [apiv2][query] GET https://firebase.googleapis.com/v1beta1/projects/crown-dd66d/webApps/-/config [none]
[debug] [2022-03-10T20:22:47.109Z] <<< [apiv2][status] GET https://firebase.googleapis.com/v1beta1/projects/crown-dd66d/webApps/-/config 200
[debug] [2022-03-10T20:22:47.109Z] <<< [apiv2][body] GET https://firebase.googleapis.com/v1beta1/projects/crown-dd66d/webApps/-/config {"projectId":"crown-dd66d","appId":"1:640118822953:web:6b9e6891d3c429d79ea438","databaseURL":"https://crown-dd66d-default-rtdb.firebaseio.com","storageBucket":"crown-dd66d.appspot.com","locationId":"us-central","apiKey":"AIzaSyB8Xulh0Uh7Jy2AHJVQOiBf4vTK2F2aotw","authDomain":"crown-dd66d.firebaseapp.com","messagingSenderId":"640118822953"}
[info] i  hosting[live]: Serving hosting files from: build {"metadata":{"emulator":{"name":"hosting"},"message":"Serving hosting files from: \u001b[1mbuild\u001b[22m"}}
[info] +  hosting[live]: Local server: http://localhost:5000 {"metadata":{"emulator":{"name":"hosting"},"message":"Local server: \u001b[4m\u001b[1mhttp://localhost:5000\u001b[22m\u001b[24m"}}
[info] i  hosting[develop]: Serving hosting files from: build {"metadata":{"emulator":{"name":"hosting"},"message":"Serving hosting files from: \u001b[1mbuild\u001b[22m"}}
[info] +  hosting[develop]: Local server: http://localhost:5005 {"metadata":{"emulator":{"name":"hosting"},"message":"Local server: \u001b[4m\u001b[1mhttp://localhost:5005\u001b[22m\u001b[24m"}}
[debug] [2022-03-10T20:22:47.148Z] Ignoring unsupported arg: auto_download {"metadata":{"emulator":{"name":"ui"},"message":"Ignoring unsupported arg: auto_download"}}
[debug] [2022-03-10T20:22:47.149Z] Ignoring unsupported arg: port {"metadata":{"emulator":{"name":"ui"},"message":"Ignoring unsupported arg: port"}}
[debug] [2022-03-10T20:22:47.149Z] Starting Emulator UI with command {"binary":"node","args":["C:\\Users\\gleas\\.cache\\firebase\\emulators\\ui-v1.6.4\\server.bundle.js"],"optionalArgs":[],"joinArgs":false} {"metadata":{"emulator":{"name":"ui"},"message":"Starting Emulator UI with command {\"binary\":\"node\",\"args\":[\"C:\\\\Users\\\\gleas\\\\.cache\\\\firebase\\\\emulators\\\\ui-v1.6.4\\\\server.bundle.js\"],\"optionalArgs\":[],\"joinArgs\":false}"}}
[info] i  ui: Emulator UI logging to ui-debug.log {"metadata":{"emulator":{"name":"ui"},"message":"Emulator UI logging to \u001b[1mui-debug.log\u001b[22m"}}
[debug] [2022-03-10T20:22:47.259Z] Web / API server started at localhost:4000
 {"metadata":{"emulator":{"name":"ui"},"message":"Web / API server started at localhost:4000\n"}}
[info] 
┌─────────────────────────────────────────────────────────────┐
│ ✔  All emulators ready! It is now safe to connect your app. │
│ i  View Emulator UI at http://localhost:4000                │
└─────────────────────────────────────────────────────────────┘

┌────────────────┬────────────────┬─────────────────────────────────┐
│ Emulator       │ Host:Port      │ View in Emulator UI             │
├────────────────┼────────────────┼─────────────────────────────────┤
│ Authentication │ localhost:9099 │ http://localhost:4000/auth      │
├────────────────┼────────────────┼─────────────────────────────────┤
│ Firestore      │ localhost:8080 │ http://localhost:4000/firestore │
├────────────────┼────────────────┼─────────────────────────────────┤
│ Hosting        │ localhost:5000 │ n/a                             │
└────────────────┴────────────────┴─────────────────────────────────┘
  Emulator Hub running at localhost:4400
  Other reserved ports: 4500

Issues? Report them at https://github.com/firebase/firebase-tools/issues and attach the *-debug.log files.
 
